
> recall-mvp@0.1.0 dev
> next dev

 ⚠ Warning: Next.js inferred your workspace root, but it may not be correct.
 We detected multiple lockfiles and selected the directory of /app/package-lock.json as the root directory.
 To silence this warning, set `turbopack.root` in your Next.js config, or consider removing one of the lockfiles if it's not needed.
   See https://nextjs.org/docs/app/api-reference/config/next-config-js/turbopack#root-directory for more information.
 Detected additional lockfiles:
   * /app/recall-mvp/pnpm-lock.yaml

   ▲ Next.js 16.0.10 (Turbopack)
   - Local:         http://localhost:3000
   - Network:       http://192.168.0.2:3000

 ✓ Starting...
Attention: Next.js now collects completely anonymous telemetry regarding usage.
This information is used to shape Next.js' roadmap and prioritize features.
You can learn more, including how to opt-out if you'd not like to participate in this anonymous program, by visiting the following URL:
https://nextjs.org/telemetry

 ✓ Ready in 1138ms
 ○ Compiling /conversation ...
 GET /conversation 200 in 4.5s (compile: 4.0s, render: 514ms)
 GET /conversation 200 in 67ms (compile: 5ms, render: 61ms)
 GET /conversation 200 in 58ms (compile: 4ms, render: 55ms)
 ⨯ ./recall-mvp/app/conversation/page.tsx:5:1
Module not found: Can't resolve '@/lib/audio/AudioPipeline'
[0m [90m 3 |[39m [36mimport[39m [33mReact[39m[33m,[39m { useState[33m,[39m useEffect[33m,[39m useRef } [36mfrom[39m [32m'react'[39m[33m;[39m
 [90m 4 |[39m [36mimport[39m { useRouter[33m,[39m useParams } [36mfrom[39m [32m'next/navigation'[39m[33m;[39m
[31m[1m>[22m[39m[90m 5 |[39m [36mimport[39m { [33mAudioPipeline[39m } [36mfrom[39m [32m'@/lib/audio/AudioPipeline'[39m[33m;[39m
 [90m   |[39m [31m[1m^[22m[39m[31m[1m^[22m[39m[31m[1m^[22m[39m[31m[1m^[22m[39m[31m[1m^[22m[39m[31m[1m^[22m[39m[31m[1m^[22m[39m[31m[1m^[22m[39m[31m[1m^[22m[39m[31m[1m^[22m[39m[31m[1m^[22m[39m[31m[1m^[22m[39m[31m[1m^[22m[39m[31m[1m^[22m[39m[31m[1m^[22m[39m[31m[1m^[22m[39m[31m[1m^[22m[39m[31m[1m^[22m[39m[31m[1m^[22m[39m[31m[1m^[22m[39m[31m[1m^[22m[39m[31m[1m^[22m[39m[31m[1m^[22m[39m[31m[1m^[22m[39m[31m[1m^[22m[39m[31m[1m^[22m[39m[31m[1m^[22m[39m[31m[1m^[22m[39m[31m[1m^[22m[39m[31m[1m^[22m[39m[31m[1m^[22m[39m[31m[1m^[22m[39m[31m[1m^[22m[39m[31m[1m^[22m[39m[31m[1m^[22m[39m[31m[1m^[22m[39m[31m[1m^[22m[39m[31m[1m^[22m[39m[31m[1m^[22m[39m[31m[1m^[22m[39m[31m[1m^[22m[39m[31m[1m^[22m[39m[31m[1m^[22m[39m[31m[1m^[22m[39m[31m[1m^[22m[39m[31m[1m^[22m[39m[31m[1m^[22m[39m[31m[1m^[22m[39m[31m[1m^[22m[39m[31m[1m^[22m[39m[31m[1m^[22m[39m[31m[1m^[22m[39m[31m[1m^[22m[39m[31m[1m^[22m[39m[31m[1m^[22m[39m[31m[1m^[22m[39m[31m[1m^[22m[39m[31m[1m^[22m[39m
 [90m 6 |[39m
 [90m 7 |[39m [36mconst[39m [33mLANGUAGES[39m [33m=[39m [
 [90m 8 |[39m   { code[33m:[39m [32m'en'[39m[33m,[39m name[33m:[39m [32m'English'[39m[33m,[39m flag[33m:[39m [32m'🇺🇸'[39m }[33m,[39m[0m

Import map: aliased to relative './lib/audio/AudioPipeline' inside of [project]/recall-mvp


Import traces:
  Client Component Browser:
    ./recall-mvp/app/conversation/page.tsx [Client Component Browser]
    ./recall-mvp/app/conversation/page.tsx [Server Component]

  Client Component SSR:
    ./recall-mvp/app/conversation/page.tsx [Client Component SSR]
    ./recall-mvp/app/conversation/page.tsx [Server Component]

https://nextjs.org/docs/messages/module-not-found


 ⨯ ./recall-mvp/app/conversation/page.tsx:5:1
Module not found: Can't resolve '@/lib/audio/AudioPipeline'
[0m [90m 3 |[39m [36mimport[39m [33mReact[39m[33m,[39m { useState[33m,[39m useEffect[33m,[39m useRef } [36mfrom[39m [32m'react'[39m[33m;[39m
 [90m 4 |[39m [36mimport[39m { useRouter[33m,[39m useParams } [36mfrom[39m [32m'next/navigation'[39m[33m;[39m
[31m[1m>[22m[39m[90m 5 |[39m [36mimport[39m { [33mAudioPipeline[39m } [36mfrom[39m [32m'@/lib/audio/AudioPipeline'[39m[33m;[39m
 [90m   |[39m [31m[1m^[22m[39m[31m[1m^[22m[39m[31m[1m^[22m[39m[31m[1m^[22m[39m[31m[1m^[22m[39m[31m[1m^[22m[39m[31m[1m^[22m[39m[31m[1m^[22m[39m[31m[1m^[22m[39m[31m[1m^[22m[39m[31m[1m^[22m[39m[31m[1m^[22m[39m[31m[1m^[22m[39m[31m[1m^[22m[39m[31m[1m^[22m[39m[31m[1m^[22m[39m[31m[1m^[22m[39m[31m[1m^[22m[39m[31m[1m^[22m[39m[31m[1m^[22m[39m[31m[1m^[22m[39m[31m[1m^[22m[39m[31m[1m^[22m[39m[31m[1m^[22m[39m[31m[1m^[22m[39m[31m[1m^[22m[39m[31m[1m^[22m[39m[31m[1m^[22m[39m[31m[1m^[22m[39m[31m[1m^[22m[39m[31m[1m^[22m[39m[31m[1m^[22m[39m[31m[1m^[22m[39m[31m[1m^[22m[39m[31m[1m^[22m[39m[31m[1m^[22m[39m[31m[1m^[22m[39m[31m[1m^[22m[39m[31m[1m^[22m[39m[31m[1m^[22m[39m[31m[1m^[22m[39m[31m[1m^[22m[39m[31m[1m^[22m[39m[31m[1m^[22m[39m[31m[1m^[22m[39m[31m[1m^[22m[39m[31m[1m^[22m[39m[31m[1m^[22m[39m[31m[1m^[22m[39m[31m[1m^[22m[39m[31m[1m^[22m[39m[31m[1m^[22m[39m[31m[1m^[22m[39m[31m[1m^[22m[39m[31m[1m^[22m[39m[31m[1m^[22m[39m[31m[1m^[22m[39m[31m[1m^[22m[39m
 [90m 6 |[39m
 [90m 7 |[39m [36mconst[39m [33mLANGUAGES[39m [33m=[39m [
 [90m 8 |[39m   { code[33m:[39m [32m'en'[39m[33m,[39m name[33m:[39m [32m'English'[39m[33m,[39m flag[33m:[39m [32m'🇺🇸'[39m }[33m,[39m[0m

Import map: aliased to relative './lib/audio/AudioPipeline' inside of [project]/recall-mvp


Import traces:
  Client Component Browser:
    ./recall-mvp/app/conversation/page.tsx [Client Component Browser]
    ./recall-mvp/app/conversation/page.tsx [Server Component]

  Client Component SSR:
    ./recall-mvp/app/conversation/page.tsx [Client Component SSR]
    ./recall-mvp/app/conversation/page.tsx [Server Component]

https://nextjs.org/docs/messages/module-not-found


 ⨯ ./recall-mvp/app/conversation/page.tsx:5:1
Module not found: Can't resolve '@/lib/audio/AudioPipeline'
[0m [90m 3 |[39m [36mimport[39m [33mReact[39m[33m,[39m { useState[33m,[39m useEffect[33m,[39m useRef } [36mfrom[39m [32m'react'[39m[33m;[39m
 [90m 4 |[39m [36mimport[39m { useRouter[33m,[39m useParams } [36mfrom[39m [32m'next/navigation'[39m[33m;[39m
[31m[1m>[22m[39m[90m 5 |[39m [36mimport[39m { [33mAudioPipeline[39m } [36mfrom[39m [32m'@/lib/audio/AudioPipeline'[39m[33m;[39m
 [90m   |[39m [31m[1m^[22m[39m[31m[1m^[22m[39m[31m[1m^[22m[39m[31m[1m^[22m[39m[31m[1m^[22m[39m[31m[1m^[22m[39m[31m[1m^[22m[39m[31m[1m^[22m[39m[31m[1m^[22m[39m[31m[1m^[22m[39m[31m[1m^[22m[39m[31m[1m^[22m[39m[31m[1m^[22m[39m[31m[1m^[22m[39m[31m[1m^[22m[39m[31m[1m^[22m[39m[31m[1m^[22m[39m[31m[1m^[22m[39m[31m[1m^[22m[39m[31m[1m^[22m[39m[31m[1m^[22m[39m[31m[1m^[22m[39m[31m[1m^[22m[39m[31m[1m^[22m[39m[31m[1m^[22m[39m[31m[1m^[22m[39m[31m[1m^[22m[39m[31m[1m^[22m[39m[31m[1m^[22m[39m[31m[1m^[22m[39m[31m[1m^[22m[39m[31m[1m^[22m[39m[31m[1m^[22m[39m[31m[1m^[22m[39m[31m[1m^[22m[39m[31m[1m^[22m[39m[31m[1m^[22m[39m[31m[1m^[22m[39m[31m[1m^[22m[39m[31m[1m^[22m[39m[31m[1m^[22m[39m[31m[1m^[22m[39m[31m[1m^[22m[39m[31m[1m^[22m[39m[31m[1m^[22m[39m[31m[1m^[22m[39m[31m[1m^[22m[39m[31m[1m^[22m[39m[31m[1m^[22m[39m[31m[1m^[22m[39m[31m[1m^[22m[39m[31m[1m^[22m[39m[31m[1m^[22m[39m[31m[1m^[22m[39m[31m[1m^[22m[39m[31m[1m^[22m[39m[31m[1m^[22m[39m[31m[1m^[22m[39m
 [90m 6 |[39m
 [90m 7 |[39m [36mconst[39m [33mLANGUAGES[39m [33m=[39m [
 [90m 8 |[39m   { code[33m:[39m [32m'en'[39m[33m,[39m name[33m:[39m [32m'English'[39m[33m,[39m flag[33m:[39m [32m'🇺🇸'[39m }[33m,[39m[0m

Import map: aliased to relative './lib/audio/AudioPipeline' inside of [project]/recall-mvp


Import traces:
  Client Component Browser:
    ./recall-mvp/app/conversation/page.tsx [Client Component Browser]
    ./recall-mvp/app/conversation/page.tsx [Server Component]

  Client Component SSR:
    ./recall-mvp/app/conversation/page.tsx [Client Component SSR]
    ./recall-mvp/app/conversation/page.tsx [Server Component]

https://nextjs.org/docs/messages/module-not-found


 ⨯ ./recall-mvp/app/conversation/page.tsx:5:1
Module not found: Can't resolve '@/lib/audio/AudioPipeline'
[0m [90m 3 |[39m [36mimport[39m [33mReact[39m[33m,[39m { useState[33m,[39m useEffect[33m,[39m useRef } [36mfrom[39m [32m'react'[39m[33m;[39m
 [90m 4 |[39m [36mimport[39m { useRouter[33m,[39m useParams } [36mfrom[39m [32m'next/navigation'[39m[33m;[39m
[31m[1m>[22m[39m[90m 5 |[39m [36mimport[39m { [33mAudioPipeline[39m } [36mfrom[39m [32m'@/lib/audio/AudioPipeline'[39m[33m;[39m
 [90m   |[39m [31m[1m^[22m[39m[31m[1m^[22m[39m[31m[1m^[22m[39m[31m[1m^[22m[39m[31m[1m^[22m[39m[31m[1m^[22m[39m[31m[1m^[22m[39m[31m[1m^[22m[39m[31m[1m^[22m[39m[31m[1m^[22m[39m[31m[1m^[22m[39m[31m[1m^[22m[39m[31m[1m^[22m[39m[31m[1m^[22m[39m[31m[1m^[22m[39m[31m[1m^[22m[39m[31m[1m^[22m[39m[31m[1m^[22m[39m[31m[1m^[22m[39m[31m[1m^[22m[39m[31m[1m^[22m[39m[31m[1m^[22m[39m[31m[1m^[22m[39m[31m[1m^[22m[39m[31m[1m^[22m[39m[31m[1m^[22m[39m[31m[1m^[22m[39m[31m[1m^[22m[39m[31m[1m^[22m[39m[31m[1m^[22m[39m[31m[1m^[22m[39m[31m[1m^[22m[39m[31m[1m^[22m[39m[31m[1m^[22m[39m[31m[1m^[22m[39m[31m[1m^[22m[39m[31m[1m^[22m[39m[31m[1m^[22m[39m[31m[1m^[22m[39m[31m[1m^[22m[39m[31m[1m^[22m[39m[31m[1m^[22m[39m[31m[1m^[22m[39m[31m[1m^[22m[39m[31m[1m^[22m[39m[31m[1m^[22m[39m[31m[1m^[22m[39m[31m[1m^[22m[39m[31m[1m^[22m[39m[31m[1m^[22m[39m[31m[1m^[22m[39m[31m[1m^[22m[39m[31m[1m^[22m[39m[31m[1m^[22m[39m[31m[1m^[22m[39m[31m[1m^[22m[39m[31m[1m^[22m[39m[31m[1m^[22m[39m
 [90m 6 |[39m
 [90m 7 |[39m [36mconst[39m [33mLANGUAGES[39m [33m=[39m [
 [90m 8 |[39m   { code[33m:[39m [32m'en'[39m[33m,[39m name[33m:[39m [32m'English'[39m[33m,[39m flag[33m:[39m [32m'🇺🇸'[39m }[33m,[39m[0m

Import map: aliased to relative './lib/audio/AudioPipeline' inside of [project]/recall-mvp


Import traces:
  Client Component Browser:
    ./recall-mvp/app/conversation/page.tsx [Client Component Browser]
    ./recall-mvp/app/conversation/page.tsx [Server Component]

  Client Component SSR:
    ./recall-mvp/app/conversation/page.tsx [Client Component SSR]
    ./recall-mvp/app/conversation/page.tsx [Server Component]

https://nextjs.org/docs/messages/module-not-found


 ⨯ ./recall-mvp/app/conversation/page.tsx:5:1
Module not found: Can't resolve '@/lib/audio/AudioPipeline'
[0m [90m 3 |[39m [36mimport[39m [33mReact[39m[33m,[39m { useState[33m,[39m useEffect[33m,[39m useRef } [36mfrom[39m [32m'react'[39m[33m;[39m
 [90m 4 |[39m [36mimport[39m { useRouter[33m,[39m useParams } [36mfrom[39m [32m'next/navigation'[39m[33m;[39m
[31m[1m>[22m[39m[90m 5 |[39m [36mimport[39m { [33mAudioPipeline[39m } [36mfrom[39m [32m'@/lib/audio/AudioPipeline'[39m[33m;[39m
 [90m   |[39m [31m[1m^[22m[39m[31m[1m^[22m[39m[31m[1m^[22m[39m[31m[1m^[22m[39m[31m[1m^[22m[39m[31m[1m^[22m[39m[31m[1m^[22m[39m[31m[1m^[22m[39m[31m[1m^[22m[39m[31m[1m^[22m[39m[31m[1m^[22m[39m[31m[1m^[22m[39m[31m[1m^[22m[39m[31m[1m^[22m[39m[31m[1m^[22m[39m[31m[1m^[22m[39m[31m[1m^[22m[39m[31m[1m^[22m[39m[31m[1m^[22m[39m[31m[1m^[22m[39m[31m[1m^[22m[39m[31m[1m^[22m[39m[31m[1m^[22m[39m[31m[1m^[22m[39m[31m[1m^[22m[39m[31m[1m^[22m[39m[31m[1m^[22m[39m[31m[1m^[22m[39m[31m[1m^[22m[39m[31m[1m^[22m[39m[31m[1m^[22m[39m[31m[1m^[22m[39m[31m[1m^[22m[39m[31m[1m^[22m[39m[31m[1m^[22m[39m[31m[1m^[22m[39m[31m[1m^[22m[39m[31m[1m^[22m[39m[31m[1m^[22m[39m[31m[1m^[22m[39m[31m[1m^[22m[39m[31m[1m^[22m[39m[31m[1m^[22m[39m[31m[1m^[22m[39m[31m[1m^[22m[39m[31m[1m^[22m[39m[31m[1m^[22m[39m[31m[1m^[22m[39m[31m[1m^[22m[39m[31m[1m^[22m[39m[31m[1m^[22m[39m[31m[1m^[22m[39m[31m[1m^[22m[39m[31m[1m^[22m[39m[31m[1m^[22m[39m[31m[1m^[22m[39m[31m[1m^[22m[39m[31m[1m^[22m[39m
 [90m 6 |[39m
 [90m 7 |[39m [36mconst[39m [33mLANGUAGES[39m [33m=[39m [
 [90m 8 |[39m   { code[33m:[39m [32m'en'[39m[33m,[39m name[33m:[39m [32m'English'[39m[33m,[39m flag[33m:[39m [32m'🇺🇸'[39m }[33m,[39m[0m

Import map: aliased to relative './lib/audio/AudioPipeline' inside of [project]/recall-mvp


Import traces:
  Client Component Browser:
    ./recall-mvp/app/conversation/page.tsx [Client Component Browser]
    ./recall-mvp/app/conversation/page.tsx [Server Component]

  Client Component SSR:
    ./recall-mvp/app/conversation/page.tsx [Client Component SSR]
    ./recall-mvp/app/conversation/page.tsx [Server Component]

https://nextjs.org/docs/messages/module-not-found


 GET /conversation 500 in 1477ms (compile: 1308ms, render: 168ms)
 ✓ Compiled in 138ms
 GET /conversation 200 in 243ms (compile: 79ms, render: 163ms)
 GET /conversation 200 in 64ms (compile: 5ms, render: 59ms)
 GET /conversation 200 in 221ms (compile: 71ms, render: 150ms)
 GET /conversation 200 in 225ms (compile: 70ms, render: 155ms)
 GET /conversation 200 in 61ms (compile: 6ms, render: 55ms)
